@ NAME             %05s "TWISS"
@ TYPE             %05s "TWISS"
@ SEQUENCE         %08s "TT40TT41"
@ PARTICLE         %06s "PROTON"
@ MASS             %le        0.9382720813
@ CHARGE           %le                   1
@ ENERGY           %le         400.0011004
@ PC               %le                 400
@ GAMMA            %le         426.3167459
@ KBUNCH           %le                   1
@ BCURRENT         %le       0.01067372943
@ SIGE             %le              0.0004
@ SIGT             %le                   1
@ NPART            %le              2e+011
@ EX               %le    8.209880711e-009
@ EY               %le    8.209880711e-009
@ ET               %le               0.001
@ BV_FLAG          %le                   1
@ LENGTH           %le                 900
@ ALFA             %le                   0
@ ORBIT5           %le                  -0
@ GAMMATR          %le                   0
@ Q1               %le         3.139531819
@ Q2               %le         3.075698682
@ DQ1              %le                   0
@ DQ2              %le                   0
@ DXMAX            %le         7.904651688
@ DYMAX            %le         1.081193202
@ XCOMAX           %le                   0
@ YCOMAX           %le                   0
@ BETXMAX          %le         1740.550018
@ BETYMAX          %le         39136.19404
@ XCORMS           %le                   0
@ YCORMS           %le                   0
@ DXRMS            %le         2.661899654
@ DYRMS            %le        0.3002731354
@ DELTAP           %le                   0
@ SYNCH_1          %le                   0
@ SYNCH_2          %le                   0
@ SYNCH_3          %le                   0
@ SYNCH_4          %le                   0
@ SYNCH_5          %le                   0
@ TITLE            %08s "no-title"
@ ORIGIN           %18s "5.05.01 Windows 64"
@ DATE             %08s "18/03/20"
@ TIME             %08s "13.28.45"
* NAME               KEYWORD                           K1L                K2L                K3L                  S                  L               BETX               BETY                 DX                 DY                MUX                MUY 
$ %s                 %s                                %le                %le                %le                %le                %le                %le                %le                %le                %le                %le                %le 
 "TT40TT41$START"    "MARKER"                             0                  0                  0                  0                  0            11.3866            11.1824                  0                  0                  0                  0
 "DRIFT_0"           "DRIFT"                              0                  0                  0             1.8955             1.8955         21.4160007        20.93832432                  0                  0      0.01936644825      0.01976616736
 "PT.EXTRACTION"     "MARKER"                             0                  0                  0             1.8955                  0         21.4160007        20.93832432                  0                  0      0.01936644825      0.01976616736
 "DRIFT_1"           "DRIFT"                              0                  0                  0              3.452             1.5565        32.34619157        31.57116485                  0                  0      0.02878408562      0.02940709062
 "MDMV.400097"       "VKICKER"                            0                  0                  0               3.96              0.508        36.43945352         35.5531729                  0                  0      0.03113914677      0.03182041668
 "DRIFT_2"           "DRIFT"                              0                  0                  0               4.08               0.12        37.44415765        36.53057575                  0                  0      0.03165618681      0.03235036649
 "BPK.400099"        "MONITOR"                            0                  0                  0               4.53               0.45         41.3404289        40.32099261                  0                  0      0.03347656907      0.03421652586
 "DRIFT_3"           "DRIFT"                              0                  0                  0                4.8               0.27        43.77568021        42.69009793                  0                  0      0.03448671209      0.03525228263
 "QTMD.400100"       "QUADRUPOLE"                 -0.040369                  0                  0                6.2                1.4        60.60344586        53.26516783                  0                  0      0.03885408918       0.0398816926
 "DRIFT_4"           "DRIFT"                              0                  0                  0               6.42               0.22        64.02512232        54.57540316                  0                  0      0.03941619729      0.04053110995
 "MDMH.400104"       "HKICKER"                            0                  0                  0              6.928              0.508        72.29099447        57.66853571                  0                  0      0.04060461898      0.04197230195
 "DRIFT_5"           "DRIFT"                              0                  0                  0              7.048               0.12        74.31792139        58.41298829                  0                  0      0.04086518195      0.04230136378
 "BTV.400105"        "INSTRUMENT"                         0                  0                  0              7.498               0.45        82.17198922        61.25162652                  0                  0      0.04178166908      0.04349871957
 "DRIFT_6"           "DRIFT"                              0                  0                  0        8.000000002       0.5020000024        91.40519235        64.50574455                  0                  0      0.04270355874      0.04476979246
 "MBHC.400107"       "RBEND"                              0                  0                  0        13.00000416        5.000004155         210.513483         101.950198     -0.01116502144  -5.582510719e-009       0.0484415218      0.05458891793
 "DRIFT_7"           "DRIFT"                              0                  0                  0        13.50000415       0.4999999948        225.1377962        106.1976638     -0.01339803127  -6.699015634e-009       0.0488070546      0.05535370456
 "MBHC.400118"       "RBEND"                              0                  0                  0        18.50000831        5.000004155        398.5150438        153.7016671     -0.04689309558  -3.461162861e-008      0.05146387782      0.06158394274
 "DRIFT_8"           "DRIFT"                              0                  0                  0        19.00000831       0.5000000048        418.5662666        158.9548897     -0.05135911533  -3.907769735e-008      0.05165872125      0.06209305628
 "MBHC.400129"       "RBEND"                              0                  0                  0        24.00001247        5.000004155        646.2124713         216.514274      -0.1071842225  -1.060688021e-007      0.05318884292      0.06638311145
 "DRIFT_9"           "DRIFT"                              0                  0                  0        26.75701247        2.757000002        792.8387605        252.1618014      -0.1441226716  -1.553212831e-007      0.05380186747       0.0682610616
 "QTRF.400200"       "QUADRUPOLE"               0.041359474                  0                  0        29.74701247               2.99        860.9398876        329.9180444      -0.1745422915  -2.195472196e-007        0.054366057      0.06994517484
 "DRIFT_10"          "DRIFT"                              0                  0                  0        30.25001247              0.503        854.7922301        350.7102104      -0.1779322044   -2.32392727e-007       0.0544593763      0.07018052312
 "BPK.400207"        "MONITOR"                            0                  0                  0        30.70001247               0.45        849.3115061        369.8512439      -0.1809649296  -2.438847317e-007      0.05454343233      0.07037938201
 "DRIFT_11"          "DRIFT"                              0                  0                  0        37.70001247                  7        766.3867673        733.2295215      -0.2281406553   -4.22649249e-007      0.05592434469      0.07251881032
 "BTV.400222"        "INSTRUMENT"                         0                  0                  0        38.15001247               0.45        761.2057391        760.8085524      -0.2311733805  -4.341412537e-007      0.05601811334      0.07261470069
 "DRIFT_12"          "DRIFT"                              0                  0                  0        72.80901247             34.659        416.5526051        4416.297738       -0.464753877  -1.319255455e-006      0.06582034141      0.07562420643
 "MDSV.400293"       "VKICKER"                            0                  0                  0        73.50901247                0.7        410.6980412        4521.275434      -0.4694714496  -1.337131906e-006      0.06608969461      0.07564913851
 "DRIFT_13"          "DRIFT"                              0                  0                  0        74.05701247              0.548        406.1453228        4604.318642       -0.473164635  -1.351126614e-006      0.06630324422      0.07566825409
 "QTRD.400300"       "QUADRUPOLE"              -0.035665019                  0                  0        77.04701247               2.99        424.8655774         4564.87207      -0.5191292208  -1.354731632e-006      0.06746930234      0.07577021836
 "DRIFT_14"          "DRIFT"                              0                  0                  0        77.55001247              0.503        435.6207585        4475.941831      -0.5313415025  -1.343088252e-006      0.06765538596      0.07578792889
 "BPK.400307"        "MONITOR"                            0                  0                  0        78.00001247               0.45        445.3576193        4397.123451       -0.542267003  -1.332671709e-006      0.06781798725       0.0758040727
 "DRIFT_15"          "DRIFT"                              0                  0                  0        78.51501247       0.5149999977        456.6341021        4307.779457      -0.5547706312  -1.320750555e-006      0.06799974329      0.07582290556
 "MBHA.400309"       "RBEND"                              0                  0                  0        81.92701447        3.412002005        534.9342311        3738.963451      -0.6440161016  -1.257785058e-006      0.06909848971       0.0759582147
 "DRIFT_16"          "DRIFT"                              0                  0                  0        82.62701447       0.6999999954        551.7695719        3627.233305      -0.6636398347  -1.248153428e-006      0.06930355361      0.07598846675
 "MBHA.400318"       "RBEND"                              0                  0                  0        86.03901647        3.412002005        637.5896774        3106.848609      -0.7656973928  -1.223634028e-006      0.07021910193      0.07615023068
 "DRIFT_17"          "DRIFT"                              0                  0                  0        86.73901648       0.7000000054        655.9678066        3005.058252      -0.7879496365  -1.223205845e-006      0.07039137063      0.07618669194
 "MBHA.400326"       "RBEND"                              0                  0                  0        90.15101848        3.412002005        749.3078886        2533.140237      -0.9028192823  -1.246757755e-006      0.07116593709      0.07638351386
 "DRIFT_18"          "DRIFT"                              0                  0                  0        90.85101848       0.6999999954        769.2288055         2441.29659      -0.9277000361  -1.256850743e-006      0.07131268107      0.07642831389
 "MBHA.400334"       "RBEND"                              0                  0                  0        94.26302048        3.412002005        870.0888639        2017.877332        -1.05538177  -1.334893047e-006      0.07197645482      0.07667297893
 "DRIFT_19"          "DRIFT"                              0                  0                  0        95.20602048       0.9429999977        899.0649515        1907.955614       -1.092440678   -1.36443631e-006      0.07214614416      0.07674946817
 "BTV.400343"        "INSTRUMENT"                         0                  0                  0        95.65602048               0.45        913.0603452        1856.586245       -1.110125205  -1.378534368e-006      0.07222519153      0.07678752135
 "DRIFT_20"          "DRIFT"                              0                  0                  0        95.76902048              0.113        916.5917935        1843.796974       -1.114565987  -1.382074547e-006       0.0722448505      0.07679724175
 "BCTFI.400344"      "INSTRUMENT"                         0                  0                  0        96.25102048              0.482        931.7319979        1789.741058        -1.13350808  -1.397175133e-006      0.07232786113      0.07683947121
 "DRIFT_21"          "DRIFT"                              0                  0                  0        108.6630205        12.41200002        1364.497881        674.8373016       -1.621286635  -1.786030896e-006      0.07407987981      0.07863700264
 "QTLF.400400"       "QUADRUPOLE"               0.039764608                  0                  0        111.6530205               2.99        1316.253698        553.5002602       -1.641044625  -1.988804262e-006      0.07442797264      0.07943116044
 "DRIFT_22"          "DRIFT"                              0                  0                  0        112.0430205               0.39        1289.414094        547.2708912       -1.630821123  -2.030006418e-006      0.07447561779      0.07954393852
 "BPK.400407"        "MONITOR"                            0                  0                  0        112.4930205               0.45        1258.789151        540.1276498       -1.619024774  -2.077547367e-006      0.07453183379       0.0796756681
 "DRIFT_23"          "DRIFT"                              0                  0                  0        113.3680205       0.8749999898        1200.295222        526.3744772       -1.596087431    -2.1699881e-006      0.07464512799       0.0799368438
 "MBSG.410010"       "RBEND"                              0                  0                  0        116.3680217         3.00000122         1010.31897        480.5841233       -1.522132266   -2.51273969e-006      0.07507870686      0.08088616246
 "DRIFT_24"          "DRIFT"                              0                  0                  0        117.0080217       0.6399999795        971.9096645        471.0887904       -1.507355053  -2.591365449e-006      0.07518149853      0.08110023656
 "MBSG.410017"       "RBEND"                              0                  0                  0        120.0080229         3.00000122        801.7991075        427.8608868       -1.442774011  -2.988078401e-006      0.07572237234      0.08216374788
 "DRIFT_25"          "DRIFT"                              0                  0                  0        120.6480229       0.6399999795        767.6278223        418.9124315       -1.429996613  -3.078715674e-006      0.07585220741      0.08240434329
 "MBSG.410024"       "RBEND"                              0                  0                  0        123.6480241         3.00000122        617.3829607        378.2490268       -1.374789692  -3.534074958e-006      0.07654577622      0.08360382917
 "DRIFT_26"          "DRIFT"                              0                  0                  0        133.1110242         9.46300008        250.7362134        263.8691919       -1.215433019  -5.066610406e-006      0.08037406777      0.08837176811
 "MBSG.410049"       "RBEND"                              0                  0                  0        136.1110254         3.00000122        168.5095774        232.0116873       -1.169600221  -5.585288227e-006      0.08269699417      0.09030152647
 "DRIFT_27"          "DRIFT"                              0                  0                  0        136.7510254       0.6399999795        153.0868842        225.4895191       -1.160822453  -5.702941398e-006        0.083331185      0.09074685708
 "MBSG.410057"       "RBEND"                              0                  0                  0        139.7510266         3.00000122         90.7259437        196.2020324       -1.124363776  -6.289607827e-006      0.08738303194       0.0930169381
 "DRIFT_28"          "DRIFT"                              0                  0                  0        140.3910266       0.6399999795         79.5412706        190.2282858       -1.117585823   -6.42226447e-006      0.08858209546      0.09354418203
 "MBSG.410064"       "RBEND"                              0                  0                  0        143.3910278         3.00000122        37.04602547        163.5122047       -1.090501269  -7.081601953e-006      0.09738234743      0.09625156613
 "DRIFT_29"          "DRIFT"                              0                  0                  0        144.0310278       0.6399999795        30.09937242        158.0871626       -1.085723131  -7.230261451e-006       0.1004328904      0.09688511168
 "MBSG.410071"       "RBEND"                              0                  0                  0         147.031029         3.00000122        7.469822697        133.9437532       -1.068012698  -7.966953233e-006       0.1324917351       0.1001665391
 "DRIFT_30"          "DRIFT"                              0                  0                  0         147.671029       0.6399999795        4.761189713        129.0676728       -1.065234376  -8.132614396e-006       0.1496046647        0.100941236
 "MBSG.410079"       "RBEND"                              0                  0                  0        150.6710302         3.00000122        1.997335394         107.498079       -1.056898065  -8.953689127e-006       0.4367888876       0.1049951958
 "DRIFT_31"          "DRIFT"                              0                  0                  0        151.2210302       0.5499999898        3.266627061        103.7738194       -1.056229035  -9.112383816e-006       0.4713288596       0.1058239782
 "QTLD.410100"       "QUADRUPOLE"              -0.043705428                  0                  0        154.2110302               2.99        21.35183229        73.45240558       -1.122280644  -9.367494322e-006        0.530942407       0.1111576375
 "DRIFT_32"          "DRIFT"                              0                  0                  0        154.6010302               0.39         25.3568591        68.59095486       -1.140173137  -9.320789611e-006        0.533610124       0.1120321188
 "BPM.410107"        "VMONITOR"                           0                  0                  0        154.8510302               0.25        28.11201734        65.56443291       -1.151642684  -9.290850693e-006       0.5351004208        0.112625445
 "DRIFT_33"          "DRIFT"                              0                  0                  0        174.6280302        19.77700002        711.0415028        48.42058507       -2.058975592  -6.922442802e-006       0.5574368463       0.5555457343
 "MBG.410147"        "RBEND"                              0                  0                  0         180.928047        6.300016764        1121.450202        135.1519542       -2.373178556  -6.432730316e-006       0.5585597005       0.5679529872
 "DRIFT_34"          "DRIFT"                              0                  0                  0         181.498047       0.5700000364        1163.179788         145.195669        -2.40388422  -6.412393942e-006       0.5586391299       0.5686005893
 "MBG.410161"        "RBEND"                              0                  0                  0        187.7980638        6.300016764        1675.207131         280.476104       -2.768432567  -6.477757913e-006       0.5593574219       0.5735700315
 "DRIFT_35"          "DRIFT"                              0                  0                  0        188.2930638       0.4950000182        1719.386783        292.9906676       -2.799053752  -6.505707268e-006       0.5594038418        0.573844853
 "QTGF.410200"       "QUADRUPOLE"                0.04617954                  0                  0        190.4930638                2.2        1740.550018        386.7042312        -2.79186995  -6.965321665e-006       0.5596028331       0.5749027871
 "DRIFT_36"          "DRIFT"                              0                  0                  0        190.6530638               0.16        1729.168759        396.7689998       -2.780936139  -7.023705572e-006       0.5596175115       0.5749677973
 "BPM.410205"        "MONITOR"                            0                  0                  0        190.9030638               0.25        1711.460341        412.7543166       -2.763852059  -7.114930426e-006       0.5596406406       0.5750661181
 "DRIFT_37"          "DRIFT"                              0                  0                  0        190.9830638               0.08        1705.812911        417.9363561       -2.758385154  -7.144122379e-006       0.5596480924       0.5750967737
 "MDGH.410206"       "HKICKER"                            0                  0                  0        191.5310638              0.548        1667.379152        454.3033091        -2.72093685  -7.344087259e-006       0.5596998075       0.5752969316
 "DRIFT_38"          "DRIFT"                              0                  0                  0        192.1880638       0.6570000182        1621.878436        499.9051841       -2.676039887  -7.583826182e-006       0.5597633932       0.5755163479
 "MBG.410208"        "RBEND"                              0                  0                  0        198.4880806        6.300016764        1217.556496         1047.93714       -2.270697201  -1.021087185e-005       0.5604769112       0.5769016863
 "DRIFT_39"          "DRIFT"                              0                  0                  0        199.0580805       0.5699999364        1183.832218        1107.412472       -2.236300597   -1.04782151e-005       0.5605524736       0.5769858981
 "MBG.410222"        "RBEND"                              0                  0                  0        205.3580973        6.300016764        842.6759775        1874.056262       -1.881303294  -1.379884584e-005       0.5615563603       0.5776819108
 "DRIFT_40"          "DRIFT"                              0                  0                  0        205.9280973       0.5700000364         814.666731        1953.301748       -1.851461779  -1.413234264e-005       0.5616658503       0.5777293262
 "MBG.410236"        "RBEND"                              0                  0                  0        212.2281141        6.300016764        536.6761896        2938.343824        -1.54680986  -1.822168343e-005       0.5631822638        0.578147856
 "DRIFT_41"          "DRIFT"                              0                  0                  0         212.798114       0.5699999364        514.3819848         3037.33736       -1.521523445   -1.86281253e-005       0.5633549255       0.5781782226
 "MBG.410250"        "RBEND"                              0                  0                  0        219.0981308        6.300016764        299.5571418        4240.503333       -1.267216909  -2.356123216e-005       0.5659093504       0.5784576101
 "DRIFT_42"          "DRIFT"                              0                  0                  0        219.5931308       0.4950000182          285.13235        4343.503467       -1.249213391  -2.398343892e-005       0.5661789148       0.5784759668
 "QTGD.410300"       "QUADRUPOLE"             -0.0459055656                  0                  0        221.7931308                2.2        250.8980768        4361.354687       -1.231457224  -2.462757503e-005       0.5675101708        0.578555067
 "DRIFT_43"          "DRIFT"                              0                  0                  0        222.2831308               0.49        249.2441026        4266.981742       -1.241302867  -2.449414745e-005       0.5678220277       0.5785731448
 "MDGV.410306"       "VKICKER"                            0                  0                  0        222.8311308              0.548        247.4031058        4162.661001       -1.252313913   -2.43449264e-005       0.5681732532       0.5785938392
 "DRIFT_44"          "DRIFT"                              0                  0                  0        223.4881308       0.6570000182        245.2081088        4039.292322       -1.265515112  -2.416602452e-005       0.5685977907       0.5786193397
 "MBG.410308"        "RBEND"                              0                  0                  0        229.7881476        6.300016764        224.8348542         2950.30733        -1.41727363  -2.291619602e-005       0.5728685992       0.5789097926
 "DRIFT_45"          "DRIFT"                              0                  0                  0        230.3581476       0.5700000364        223.0518077        2860.185857       -1.433281821  -2.284526598e-005       0.5732736979       0.5789410221
 "MBG.410322"        "RBEND"                              0                  0                  0        236.6581644        6.300016764        204.0106694        1957.076153       -1.635385722  -2.256491749e-005       0.5779747065       0.5793648225
 "DRIFT_46"          "DRIFT"                              0                  0                  0        237.2281643       0.5699999364         202.348149        1883.783903       -1.655949005   -2.25851382e-005       0.5784212045       0.5794120696
 "MBG.410336"        "RBEND"                              0                  0                  0        243.5281811        6.300016764        184.6391269        1166.801049        -1.90839829  -2.335023521e-005       0.5836094754       0.5800883849
 "DRIFT_47"          "DRIFT"                              0                  0                  0        244.0981811       0.5700000364        183.0971321        1110.358412       -1.933516671  -2.346848418e-005       0.5841028685       0.5801680861
 "MBG.410350"        "RBEND"                              0                  0                  0        250.3981979        6.300016764        166.7202263        579.7021285        -2.23631134  -2.535506485e-005       0.5898429288       0.5814178623
 "DRIFT_48"          "DRIFT"                              0                  0                  0        250.8931979       0.4950000182        165.4852213        545.2523729        -2.26208041  -2.554886124e-005       0.5903172278       0.5815579901
 "QTGF.410400"       "QUADRUPOLE"             0.04441934394                  0                  0        253.0931979                2.2         144.783081        450.2900242       -2.265122378  -2.768282476e-005       0.5925426985       0.5822761974
 "DRIFT_49"          "DRIFT"                              0                  0                  0        253.2531979               0.16        142.2796628         447.000965       -2.257231841   -2.79331018e-005       0.5927201215       0.5823329571
 "BPM.410405"        "HMONITOR"                           0                  0                  0        253.5031979               0.25        138.4124932        441.8861743       -2.244902876  -2.832415968e-005        0.593003653       0.5824224834
 "DRIFT_50"          "DRIFT"                              0                  0                  0        253.5831979               0.08        137.1864401        440.2557166       -2.240957608   -2.84492982e-005       0.5930960519       0.5824513505
 "BTV.410406"        "INSTRUMENT"                         0                  0                  0        253.9331979               0.35        131.8876812        433.1582385       -2.223697057  -2.899677923e-005       0.5935101764       0.5825789099
 "DRIFT_51"          "DRIFT"                              0                  0                  0        254.7881979       0.8550000182        119.3900688        416.0650116       -2.181531997  -3.033419721e-005       0.5945946111       0.5828994502
 "MBG.410408"        "RBEND"                              0                  0                  0        261.0882147        6.300016764        46.83801727        300.8068343       -1.896017261  -4.080648756e-005       0.6080188274        0.585733845
 "DRIFT_52"          "DRIFT"                              0                  0                  0        261.6582146       0.5699999364        41.97078563         291.308245       -1.872462319  -4.180979238e-005       0.6100649615       0.5860403058
 "MBG.410422"        "RBEND"                              0                  0                  0        267.9582314        6.300016764        6.932248011         196.604336       -1.637292966    -5.3553806e-005        0.670273091       0.5902305475
 "DRIFT_53"          "DRIFT"                              0                  0                  0        268.5282314       0.5700000364        5.459122695        188.9666704       -1.618293116  -5.467553935e-005       0.6850410313       0.5907012067
 "MBG.410436"        "RBEND"                              0                  0                  0        274.8282482        6.300016764        7.934099568        114.8434103       -1.433469146  -6.776571817e-005       0.9817441847       0.5975096631
 "DRIFT_54"          "DRIFT"                              0                  0                  0        275.3982482       0.5700000364        9.855081446        109.0687974       -1.419024391   -6.90126154e-005        0.992010564       0.5983202388
 "MBG.410450"        "RBEND"                              0                  0                  0         281.698265        6.300016764        49.84357282        55.54683336       -1.284545805  -8.351077538e-005        1.037883058       0.6112163052
 "DRIFT_55"          "DRIFT"                              0                  0                  0        282.1932649       0.4949999182        54.44321782        52.14250502       -1.275957418  -8.470616726e-005        1.039395418       0.6126801862
 "QTGD.410500"       "QUADRUPOLE"             -0.0459055656                  0                  0        284.3932649                2.2        84.64998122        34.27652863       -1.302116041  -8.568858946e-005        1.044641339       0.6208272911
 "DRIFT_56"          "DRIFT"                              0                  0                  0        284.5532649               0.16        87.69676855        32.86308103       -1.308728945  -8.544389322e-005        1.044936892       0.6215860245
 "BPM.410505"        "VMONITOR"                           0                  0                  0        284.8032649               0.25         92.5664007        30.71720075       -1.319061607  -8.506155534e-005        1.045378505        0.622838357
 "DRIFT_57"          "DRIFT"                              0                  0                  0        284.8832649               0.08        94.15276408        30.04665052       -1.322368059  -8.493920721e-005         1.04551489        0.623257461
 "MDGV.410506"       "VKICKER"                            0                  0                  0        285.4312649              0.548        105.3854115        25.66366708       -1.345017255  -8.410112257e-005        1.046390471       0.6263984867
 "DRIFT_58"          "DRIFT"                              0                  0                  0        286.0882649       0.6570000182        119.6943878         20.8926368       -1.372171492  -8.309633859e-005        1.047321495       0.6309148391
 "MBG.410508"        "RBEND"                              0                  0                  0        292.3882817        6.300016764         303.521974        1.924418842       -1.657725195  -7.421524021e-005        1.052582932       0.8989832666
 "DRIFT_59"          "DRIFT"                              0                  0                  0        292.9582817       0.5700000364        324.3193524        2.601151773       -1.685838762  -7.347998583e-005        1.052872075       0.9399825629
 "MBG.410522"        "RBEND"                              0                  0                  0        299.2582985        6.300016764        600.2195903        36.52824724       -2.021737848  -6.614574974e-005        1.055144714         1.05182802
 "DRIFT_60"          "DRIFT"                              0                  0                  0        299.8282984       0.5699999364        629.3474133        41.99047231       -2.054406504  -6.555393233e-005        1.055292317        1.054144457
 "MBG.410536"        "RBEND"                              0                  0                  0        306.1283152        6.300016764        997.3203016        128.8034299       -2.440650973   -5.98435265e-005        1.056557925         1.06779517
 "DRIFT_61"          "DRIFT"                              0                  0                  0        306.6983152       0.5700000364         1034.77858        139.0496275        -2.47787473  -5.940211305e-005        1.056647226        1.068473042
 "MBG.410550"        "RBEND"                              0                  0                  0         312.998332        6.300016764         1494.82412         278.724266       -2.914464583  -5.539258346e-005        1.057453421        1.073567098
 "DRIFT_62"          "DRIFT"                              0                  0                  0         313.493332       0.4950000182        1534.548525         291.751632       -2.950746217  -5.514592196e-005        1.057505438        1.073843366
 "QTGF.410600"       "QUADRUPOLE"             0.04441934394                  0                  0         315.693332                2.2        1560.750645        386.7113814       -2.966377462  -5.674822074e-005        1.057728019        1.074902855
 "DRIFT_63"          "DRIFT"                              0                  0                  0         316.183332               0.49        1532.587023        417.9437062       -2.937368524    -5.7711945e-005        1.057778443        1.075096838
 "MDGH.410606"       "HKICKER"                            0                  0                  0         316.731332              0.548        1501.393864        454.3108752       -2.904925874  -5.878974274e-005         1.05783594        1.075296993
 "DRIFT_64"          "DRIFT"                              0                  0                  0         317.388332       0.6570000182        1464.419492        499.9129986       -2.866030215     -6.008192e-005        1.057906458        1.075516406
 "MBGT.410608"       "RBEND"                              0                  0                  0        323.6883488        6.300016764        1133.301808        1047.948696       -2.517600198     0.005539916117         1.05868477        1.076901725
 "DRIFT_65"          "DRIFT"                              0                  0                  0        324.2583487       0.5699999364        1105.436642        1107.424713       -2.488295637     0.006553989147        1.058765821        1.076985936
 "MBGT.410622"       "RBEND"                              0                  0                  0        330.5583655        6.300016764        820.5930863        1874.081463       -2.188945351      0.02337177558        1.059818582         1.07768194
 "DRIFT_66"          "DRIFT"                              0                  0                  0        331.1283655       0.5700000364        796.9148382         1953.32892       -2.164081424       0.0254005562        1.059930764        1.077729354
 "MBGT.410636"       "RBEND"                              0                  0                  0        337.4283823        6.300016764        558.3493259        2938.403714       -1.913812012      0.05343111773        1.061433923        1.078147877
 "DRIFT_67"          "DRIFT"                              0                  0                  0        337.9983823       0.5700000364        538.8583259        3037.401616       -1.893388818      0.05647418545        1.061599311        1.078178243
 "MBGT.410650"       "RBEND"                              0                  0                  0        344.2983991        6.300016764        346.5741365        4240.633618       -1.692201266      0.09571319515        1.063919576        1.078457623
 "DRIFT_68"          "DRIFT"                              0                  0                  0         344.793399       0.4949999182        333.2644202        4343.640743       -1.678321836      0.09923637176        1.064151386        1.078475979
 "QTGD.410700"       "QUADRUPOLE"             -0.0459055656                  0                  0         346.993399                2.2        308.1503569        4361.509176       -1.701056307       0.1096636786        1.065262494        1.078555076
 "DRIFT_69"          "DRIFT"                              0                  0                  0         347.153399               0.16        308.6353037        4330.580138       -1.708877203       0.1100287869        1.065345066        1.078560936
 "BPM.410705"        "VMONITOR"                           0                  0                  0         347.403399               0.25        309.3941288        4282.473864       -1.721097354       0.1105992687        1.065473826        1.078570175
 "DRIFT_70"          "DRIFT"                              0                  0                  0         347.483399               0.08        309.6372351         4267.13661       -1.725007803       0.1107818228        1.065514963        1.078573154
 "BTV.410706"        "INSTRUMENT"                         0                  0                  0         347.833399               0.35        310.7024337         4200.35966       -1.742116014       0.1115804973        1.065694556        1.078586311
 "DRIFT_71"          "DRIFT"                              0                  0                  0         348.688399       0.8550000182         313.315575        4039.447932       -1.783908932       0.1135315449        1.066130694        1.078619347
 "MBGT.410708"       "RBEND"                              0                  0                  0        354.9884158        6.300016764        333.0509884         2950.47379       -2.116395576       0.1335101855        1.069234814        1.078909786
 "DRIFT_72"          "DRIFT"                              0                  0                  0        355.5584158       0.5700000364        334.8783477        2860.353515       -2.148698305       0.1358249541        1.069506456        1.078941013
 "MBGT.410722"       "RBEND"                              0                  0                  0        361.8584326        6.300016764        355.5368285         1957.25715       -2.530266133       0.1670149965        1.072412457        1.079364782
 "DRIFT_73"          "DRIFT"                              0                  0                  0        362.4284326       0.5700000364        357.4476912        1883.965729       -2.567009507       0.1703444412        1.072666933        1.079412024
 "MBGT.410736"       "RBEND"                              0                  0                  0        368.7284494        6.300016764        379.0289554        1166.986271       -2.997656911       0.2127529274        1.075391115        1.080088253
 "DRIFT_74"          "DRIFT"                              0                  0                  0        369.2984493       0.5699999364        381.0232947        1110.543119       -3.038840771       0.2170977158        1.075629832        1.080167941
 "MBGT.410750"       "RBEND"                              0                  0                  0        375.5984661        6.300016764        403.5270454        579.8704022       -3.518565991       0.2707323549        1.078187028        1.081417431
 "DRIFT_75"          "DRIFT"                              0                  0                  0        376.0934661       0.4950000182        405.3310445        545.4183417          -3.558187       0.2753878385        1.078381826        1.081557518
 "QTGF.410800"       "QUADRUPOLE"             0.04441934394                  0                  0        378.2934661                2.2        374.5611035        450.4596524       -3.558979948        0.309983261        1.079265887         1.08227548
 "DRIFT_76"          "DRIFT"                              0                  0                  0        378.4534661               0.16        369.6644453        447.1719084       -3.546287555       0.3135514319        1.079334322        1.082332218
 "BPM.410805"        "HMONITOR"                           0                  0                  0        378.7034661               0.25        362.0781914        442.0591443        -3.52645569        0.319126699        1.079443078         1.08242171
 "DRIFT_77"          "DRIFT"                              0                  0                  0        378.7834661               0.08        359.6672736        440.4293278       -3.520109493       0.3209107845        1.079478361        1.082450566
 "MDGH.410806"       "HKICKER"                            0                  0                  0        379.3314661              0.548        343.3699671        429.3467926       -3.476638046       0.3331317699        1.079726542        1.082651132
 "DRIFT_78"          "DRIFT"                              0                  0                  0        379.9884661       0.6570000182        324.3313454        416.2478491       -3.424519905       0.3477835722        1.080039878        1.082898479
 "MBGT.410808"       "RBEND"                              0                  0                  0        386.2884829        6.300016764        169.4671226        301.0259286       -2.949298683       0.4938972126        1.084317206        1.085731218
 "DRIFT_79"          "DRIFT"                              0                  0                  0        386.8584828       0.5699999364        157.9300984        291.5295862       -2.908522507       0.5076242591         1.08487173        1.086037451
 "MBGT.410822"       "RBEND"                              0                  0                  0        393.1584996        6.300016764        57.76769488        196.8388638       -2.482381039       0.6649555414        1.095376774        1.090223602
 "DRIFT_80"          "DRIFT"                              0                  0                  0        393.7284996       0.5700000364        51.17998971        189.2012962       -2.446045554       0.6796970263        1.097045213        1.090693689
 "MBGT.410836"       "RBEND"                              0                  0                  0        400.0285164        6.300016764        5.720789083        115.0668351         -2.0689863       0.8482351785        1.157054567        1.097491304
 "DRIFT_81"          "DRIFT"                              0                  0                  0        400.5985164       0.5700000364        4.082495759        109.2900654       -2.037091732       0.8639901534         1.17587009        1.098300272
 "MBGT.410850"       "RBEND"                              0                  0                  0        406.8985332        6.300016764        13.32712693        55.73148683       -1.709117005        1.043725063        1.512925932        1.111161835
 "DRIFT_82"          "DRIFT"                              0                  0                  0        407.3935332       0.4950000182        16.17912942        52.32326873       -1.685275851        1.058286382        1.518292069        1.112620762
 "QTGD.410900"       "QUADRUPOLE"             -0.0459055656                  0                  0        409.5935332                2.2        35.31383863        34.42175843       -1.663341123        1.068928403        1.533210204        1.120736579
 "DRIFT_83"          "DRIFT"                              0                  0                  0        410.0835332               0.49        41.39363057         30.1806166       -1.677088438         1.05921474         1.53525001        1.123156228
 "MDGV.410906"       "VKICKER"                            0                  0                  0        410.6315332              0.548        48.77966426        25.78528417       -1.692462985        1.048351297        1.537191009        1.126282874
 "DRIFT_84"          "DRIFT"                              0                  0                  0        411.2885331       0.6569999182        58.45123219        20.99979442       -1.710895607        1.035327061        1.539149313        1.130777046
 "MBGT.410908"       "RBEND"                              0                  0                  0        417.5885499        6.300016764        196.3888755        1.912016087       -1.912188531       0.9160326375        1.548513126        1.397877914
 "DRIFT_85"          "DRIFT"                              0                  0                  0        418.1585499       0.5700000364        212.9071646        2.579630914       -1.932621309       0.9057461778        1.548956778        1.439188177
 "MBGT.410922"       "RBEND"                              0                  0                  0        424.4585667        6.300016764        440.1073058        36.42475338       -2.182996399        0.797658873         1.55223255        1.551788388
 "DRIFT_86"          "DRIFT"                              0                  0                  0        425.0285667       0.5700000364        464.7016563        41.88127841        -2.20786978        0.788387277        1.552433149        1.554111136
 "MBGT.410936"       "RBEND"                              0                  0                  0        431.3285835        6.300016764        781.1611511        128.6503427       -2.507322521       0.6915268207        1.554097358         1.56778782
 "DRIFT_87"          "DRIFT"                              0                  0                  0        431.8985834       0.5699999364        813.8312157        138.8943313       -2.536636084       0.6832719041        1.554211136        1.568466474
 "MBGT.410950"       "RBEND"                              0                  0                  0        438.1986002        6.300016764        1219.545671        278.5643696       -2.885161802       0.5976586985        1.555217591        1.573564838
 "DRIFT_88"          "DRIFT"                              0                  0                  0        438.6936002       0.4950000182        1254.891496        291.5929596       -2.914473898       0.5913744891        1.555281274        1.573841261
 "QTGF.411000"       "QUADRUPOLE"             0.04441934394                  0                  0        440.8936002                2.2          1289.1411        386.5452988       -2.901389395       0.5921189388        1.555552101        1.574901266
 "DRIFT_89"          "DRIFT"                              0                  0                  0        441.0536002               0.16        1282.461631        396.6085968       -2.890027101       0.5942593623        1.555571906        1.574966303
 "BPM.411005"        "HMONITOR"                           0                  0                  0        441.3036002               0.25        1272.059773        412.5916457       -2.872273518        0.597603774        1.555603058        1.575064663
 "DRIFT_90"          "DRIFT"                              0                  0                  0        441.3836002               0.08        1268.740145        417.7729672       -2.866592372       0.5986739858         1.55561308         1.57509533
 "BTV.411006"        "INSTRUMENT"                         0                  0                  0        441.7336002               0.35        1254.267886        440.8217509       -2.841737355       0.6033561622        1.555657238        1.575225134
 "DRIFT_91"          "DRIFT"                              0                  0                  0        442.5886002       0.8550000182        1219.264136        499.7314334         -2.7810201       0.6147940505        1.555767276        1.575515059
 "MBGT.411008"       "RBEND"                              0                  0                  0         448.888617        6.300016764        976.6494105        1047.725096       -2.358166747         0.70470977        1.556686119        1.576900778
 "DRIFT_92"          "DRIFT"                              0                  0                  0         449.458617       0.5700000364        956.0280904        1107.198521       -2.322128178       0.7133542498        1.556780003        1.576985007
 "MBGT.411022"       "RBEND"                              0                  0                  0        455.7586338        6.300016764        742.8074815        1873.839984       -1.948343873       0.8145343492        1.557969842        1.577681126
 "DRIFT_93"          "DRIFT"                              0                  0                  0        456.3286337       0.5699999364        724.8457935        1953.087249       -1.916744939       0.8241979392        1.558093475        1.577728547
 "MBGT.411036"       "RBEND"                              0                  0                  0        462.6286505        6.300016764        541.0222834        2938.173742       -1.592029883       0.9366415571        1.559694633        1.578147112
 "DRIFT_94"          "DRIFT"                              0                  0                  0        463.1986505       0.5700000364        525.7204722        3037.173913       -1.564870584       0.9473242135        1.559864736         1.57817748
 "MBGT.411050"       "RBEND"                              0                  0                  0        469.4986673        6.300016764        371.2966377        4240.444942       -1.289224826        1.071031169        1.562134257        1.578456877
 "DRIFT_95"          "DRIFT"                              0                  0                  0        469.9936673       0.4950000182        360.3056938        4343.456202       -1.269494595        1.081193202        1.562349649        1.578475234
 "QTGD.411100"       "QUADRUPOLE"             -0.0459055656                  0                  0        472.1936673                2.2        347.8263227        4361.361506       -1.244967087        1.071463285        1.563355455        1.578554334
 "DRIFT_96"          "DRIFT"                              0                  0                  0        472.3536673               0.16         349.478197        4330.436283       -1.247746923        1.066775257        1.563428493        1.578560194
 "BPM.411105"        "VMONITOR"                           0                  0                  0        472.6036673               0.25        352.0673785        4282.335924       -1.252090417        1.059450214        1.563541926        1.578569433
 "DRIFT_97"          "DRIFT"                              0                  0                  0        472.6836673               0.08        352.8980101        4267.000551       -1.253480335        1.057106201        1.563578048        1.578572412
 "MDGV.411106"       "VKICKER"                            0                  0                  0        473.2316673              0.548        358.6151261        4162.692903       -1.263001274        1.041049707        1.563823215        1.578593106
 "DRIFT_98"          "DRIFT"                              0                  0                  0        473.8886672       0.6569999182        365.5321838        4039.339504       -1.274415974        1.021799497        1.564112022        1.578618607
 "MBGT.411108"       "RBEND"                              0                  0                  0         480.188684        6.300016764         435.333912        2950.488578       -1.408405098       0.8428446192        1.566625653        1.578909049
 "DRIFT_99"          "DRIFT"                              0                  0                  0         480.758684       0.5700000364         441.959733        2860.377641       -1.422747556       0.8271641054        1.566832473        1.578940276
 "MBGT.411122"       "RBEND"                              0                  0                  0        487.0587008        6.300016764        518.6222482        1957.364927       -1.605798945       0.6595031533        1.568926841        1.579364031
 "DRIFT_100"         "DRIFT"                              0                  0                  0        487.6287008       0.5700000364         525.868763        1884.079259       -1.624580116       0.6448457341        1.569100554        1.579411271
 "MBGT.411136"       "RBEND"                              0                  0                  0        493.9287176        6.300016764        609.3909822        1167.143629       -1.856687289       0.4885067952        1.570871803        1.580087433
 "DRIFT_101"         "DRIFT"                              0                  0                  0        494.4987175       0.5699999364        617.2580866        1110.702624       -1.879906575       0.4748750457        1.571019718        1.580167111
 "MBGT.411150"       "RBEND"                              0                  0                  0        500.7987343        6.300016764        707.6388262         580.033698       -2.161062878       0.3298869005        1.572536855        1.581416335
 "DRIFT_102"         "DRIFT"                              0                  0                  0        501.2937343       0.4950000182        715.0066805        545.5803706       -2.185080624       0.3189418002        1.572647611        1.581556381
 "QTGF.411200"       "QUADRUPOLE"             0.04441934394                  0                  0        503.4937343                2.2        678.4871113        450.6291696       -2.184196852       0.2852119742        1.573142173        1.582274102
 "DRIFT_103"         "DRIFT"                              0                  0                  0        503.9837343               0.49        655.6361114        440.6035803       -2.160031241       0.2808992544          1.5732591         1.58244912
 "MDGH.411206"       "HKICKER"                            0                  0                  0        504.5317343              0.548        630.5448147        429.5261626        -2.13300521       0.2760760494        1.573394747        1.582649605
 "DRIFT_104"         "DRIFT"                              0                  0                  0        505.1887343       0.6570000182        601.1092393        416.4331062       -2.100603564       0.2702934841        1.573564592        1.582896845
 "MBGT.411208"       "RBEND"                              0                  0                  0        511.4887511        6.300016764        354.6423465        301.2539492       -1.814425264        0.220540051        1.575736287        1.585727882
 "DRIFT_105"         "DRIFT"                              0                  0                  0        512.0587511       0.5700000364        335.5405286        291.7602447       -1.790751239        0.216553738         1.57599927        1.586033878
 "MBGT.411222"       "RBEND"                              0                  0                  0        518.3587679        6.300016764        159.7607114        197.0851416       -1.553611197         0.17819798        1.580330423        1.590215758
 "DRIFT_106"         "DRIFT"                              0                  0                  0        518.9287678       0.5699999364        147.0545679        189.4477574       -1.534373843       0.1752435955        1.580922287        1.590685245
 "MBGT.411236"       "RBEND"                              0                  0                  0        525.2287846        6.300016764        41.96433625        115.3017244       -1.346268379       0.1483013352        1.593699751        1.597471506
 "DRIFT_107"         "DRIFT"                              0                  0                  0        525.7987846       0.5700000364        35.65404371        109.5226755       -1.331467349        0.146380338        1.596045146        1.598278791
 "MBGT.411250"       "RBEND"                              0                  0                  0        532.0988014        6.300016764        1.254905158        55.92530111       -1.192392623       0.1308680491        1.791497979        1.611104328
 "DRIFT_108"         "DRIFT"                              0                  0                  0        532.5938014       0.4950000182        1.298967005         52.5129759        -1.18339139       0.1300985515        1.854863907        1.612558092
 "QTGD.411300"       "QUADRUPOLE"             -0.0459055656                  0                  0        534.7938014                2.2        6.681919038         34.5741017       -1.202970412       0.1202214682        1.992112488        1.620641341
 "DRIFT_109"         "DRIFT"                              0                  0                  0        534.9538014               0.16        7.435935924        33.15306696       -1.208751687       0.1190456394        1.995725413        1.621393491
 "BPM.411305"        "VMONITOR"                           0                  0                  0        535.2038014               0.25        8.709308973        30.99542413       -1.217784929        0.117208407        2.000670459        1.622634726
 "DRIFT_110"         "DRIFT"                              0                  0                  0        536.4888014        1.285000018        17.08685978        21.11217787       -1.264215792       0.1077650323        2.017466493        1.630632898
 "MBGT.411308"       "RBEND"                              0                  0                  0        542.7888182        6.300016764        102.5509788        1.899302205        -1.51636389      0.06719560975        2.041510657        1.896719077
 "DRIFT_111"         "DRIFT"                              0                  0                  0        543.3588181       0.5699999364        113.9212762        2.557419834       -1.541395153      0.06404376187        2.042349971        1.938354386
 "MBGT.411322"       "RBEND"                              0                  0                  0        549.6588349        6.300016764        279.7983213        36.31771177       -1.842563502      0.03494922096        2.047967207        2.051747334
 "DRIFT_112"         "DRIFT"                              0                  0                  0        550.2288349       0.5700000364        298.4440332        41.76838433       -1.872029697      0.03283675501        2.048281143        2.054076645
 "MBGT.411336"       "RBEND"                              0                  0                  0        556.5288517        6.300016764        544.7316259        128.4929254       -2.222212155      0.01524331611        2.050768009        2.067780252
 "DRIFT_113"         "DRIFT"                              0                  0                  0        557.0988517       0.5700000364        570.6524808         138.734712       -2.256112713      0.01417263665         2.05093072        2.068459713
 "MBGT.411350"       "RBEND"                              0                  0                  0        563.3988685        6.300016764        897.3470656        278.4005927       -2.655302965     0.008107195682         2.05233191         2.07356251
 "DRIFT_114"         "DRIFT"                              0                  0                  0        563.8938684       0.4949999182        926.1403495        291.4304224       -2.688593307     0.008084243345        2.052418329        2.073839092
 "QTGF.411400"       "QUADRUPOLE"             0.04441934394                  0                  0        566.0938684                2.2        963.6384765        386.3751129       -2.703850584     0.008378797068        2.052782958        2.074899626
 "DRIFT_115"         "DRIFT"                              0                  0                  0        566.2538684               0.16        959.5378188        396.4368319       -2.695291205     0.008429408521         2.05280944        2.074964691
 "BPM.411405"        "HMONITOR"                           0                  0                  0        566.5038684               0.25        953.1481519        412.4174455       -2.681917177     0.008508488916        2.052851045        2.075063093
 "DRIFT_116"         "DRIFT"                              0                  0                  0        566.5838684               0.08        951.1079944         417.597996       -2.677637487     0.008533794642        2.052864418        2.075093773
 "MDGH.411406"       "HKICKER"                            0                  0                  0        567.1318684              0.548        937.1920436        453.9549568       -2.648321617     0.008707138868        2.052956796        2.075294089
 "DRIFT_117"         "DRIFT"                              0                  0                  0        567.7888684       0.6570000182        920.6441601        499.5453305       -2.613174668     0.008914962151        2.053069367        2.075513669
 "MBG.411408"        "RBEND"                              0                  0                  0        574.0888852        6.300016764         769.497377        1047.493512       -2.301323867      0.01109017266        2.054260641          2.0768998
 "DRIFT_118"         "DRIFT"                              0                  0                  0        574.6588852       0.5700000364        756.4948775        1106.963644       -2.275386056      0.01130346071        2.054379543        2.076984046
 "MBG.411422"        "RBEND"                              0                  0                  0         580.958902        6.300016764        620.2203084        1873.576045       -2.013879234      0.01385451931        2.055843362        2.077680289
 "DRIFT_119"         "DRIFT"                              0                  0                  0        581.5289019       0.5699999364        608.5634031        1952.821046       -1.992496387      0.01410283311        2.055991024        2.077727717
 "MBG.411436"        "RBEND"                              0                  0                  0        587.8289187        6.300016764        487.1610499        2937.884138       -1.781333371       0.0170522898        2.057832549        2.078146331
 "DRIFT_120"         "DRIFT"                              0                  0                  0        588.3989187       0.5700000364         476.849735        3036.881963       -1.764505464      0.01733766899         2.05802077        2.078176702
 "MBG.411450"        "RBEND"                              0                  0                  0        594.6989355        6.300016764        370.3195999        4240.121382       -1.603686071      0.02070804615        2.060406902        2.078456123
 "DRIFT_121"         "DRIFT"                              0                  0                  0        595.1939355       0.4950000182        362.5271996        4343.129322       -1.593027957      0.02098983194        2.060621916        2.078474481
 "QTGD.411500"       "QUADRUPOLE"             -0.0459055656                  0                  0        597.3939355                2.2        364.4365704        4361.052922       -1.625978224      0.02117022431        2.061601518        2.078553588
 "DRIFT_122"         "DRIFT"                              0                  0                  0        597.8839355               0.49        373.0383838        4266.703034       -1.651329847      0.02097096403        2.061813027        2.078571667
 "MDGV.411506"       "VKICKER"                            0                  0                  0        598.4319355              0.548        382.7787648        4162.407565       -1.679682274      0.02074811784        2.062043835        2.078592362
 "DRIFT_123"         "DRIFT"                              0                  0                  0        599.0889355       0.6570000182        394.6241211        4039.068468       -1.713674144       0.0204809464        2.062312877        2.078617864
 "MBG.411508"        "RBEND"                              0                  0                  0        605.3889523        6.300016764         517.485282         2950.32748       -2.064792643      0.01814645191         2.06453174        2.078908324
 "DRIFT_124"         "DRIFT"                              0                  0                  0        605.9589522       0.5699999364        529.4301883        2860.224549       -2.098838212      0.01795583532        2.064705057        2.078939553
 "MBG.411522"        "RBEND"                              0                  0                  0         612.258969        6.300016764        670.6122547        1957.280414       -2.500299929      0.01608806285        2.066387829        2.079363329
 "DRIFT_125"         "DRIFT"                              0                  0                  0         612.828969       0.5700000364         684.214782        1883.999579       -2.538900393      0.01594072622        2.066521754        2.079410571
 "MBG.411536"        "RBEND"                              0                  0                  0        619.1289858        6.300016764        843.7177506        1167.103801       -2.990705109      0.01456294296         2.06784143         2.08008676
 "DRIFT_126"         "DRIFT"                              0                  0                  0        619.6989858       0.5700000364        858.9778963        1110.665489       -3.033860441      0.01446099268        2.067947993        2.080166439
 "MBG.411550"        "RBEND"                              0                  0                  0        625.9990026        6.300016764        1036.801762        580.0177475       -3.536007923      0.01359649261        2.069010475        2.081415703
 "DRIFT_127"         "DRIFT"                              0                  0                  0        626.4940025       0.4949999182        1051.485644        545.5656174       -3.577440438      0.01354920273        2.069085928        2.081555752
 "QTGF.411600"       "QUADRUPOLE"             0.04441934394                  0                  0        628.6940025                2.2        1014.335165        450.6180142        -3.58522096      0.01400302576        2.069419473        2.082273492
 "DRIFT_128"         "DRIFT"                              0                  0                  0        628.8540025               0.16         1004.37019        447.3319951        -3.57295111      0.01408485869        2.069444702         2.08233021
 "BPM.411605"        "HMONITOR"                           0                  0                  0        629.1040025               0.25        988.8984948        442.2218924       -3.553779471      0.01421272264        2.069484626        2.082419669
 "DRIFT_129"         "DRIFT"                              0                  0                  0        630.3890025        1.285000018         911.270999        416.4236239       -3.455237241      0.01486994336        2.069700065         2.08289625
 "MBG.411608"        "RBEND"                              0                  0                  0        636.6890193        6.300016764        576.6446566        301.2485561       -2.997286975      0.01836613318        2.071083264        2.085727345
 "DRIFT_130"         "DRIFT"                              0                  0                  0        637.2590193       0.5700000364        550.1347645        291.7550959       -2.958130459      0.01870721154        2.071244331        2.086033347
 "MBG.411622"        "RBEND"                              0                  0                  0        643.5590361        6.300016764        298.7576904         197.081492       -2.550522475      0.02276219126        2.073717653        2.090215305
 "DRIFT_131"         "DRIFT"                              0                  0                  0        644.1290361       0.5700000364        279.7799362        189.4441788       -2.515920762      0.02315483532        2.074031434        2.090684801
 "MBG.411636"        "RBEND"                              0                  0                  0        650.4290529        6.300016764        111.6521397        115.2984074       -2.158654807      0.02779087338        2.079705671        2.097471228
 "DRIFT_132"         "DRIFT"                              0                  0                  0        650.9240528       0.4949999182        101.6768236        110.2709504       -2.132561424      0.02817838211        2.080445076        2.098169918
 "QTGD.411700"       "QUADRUPOLE"               -0.04357474                  0                  0        653.1240528                2.2         70.4375807        80.44596293       -2.117766601      0.02853336103        2.084649407        2.101828705
 "DRIFT_133"         "DRIFT"                              0                  0                  0        653.2840528               0.16        68.90636701        77.87472979       -2.124031688      0.02845932582        2.085014925        2.102150434
 "BPM.411705"        "VMONITOR"                           0                  0                  0        653.5340528               0.25        66.54900296        73.94207715       -2.133820888       0.0283436458        2.085602497        2.102674779
 "DRIFT_134"         "DRIFT"                              0                  0                  0        653.6140528               0.08        65.80370163        72.70549501       -2.136953432      0.02830662819        2.085794901        2.102848431
 "MDGV.411706"       "VKICKER"                            0                  0                  0        654.1620528              0.548        60.81642841        64.51995649       -2.158411357      0.02805305759        2.087173603         2.10412186
 "DRIFT_135"         "DRIFT"                              0                  0                  0        654.8190528       0.6570000182        55.10870773        55.36201262       -2.184137374      0.02774905048        2.088979838         2.10587147
 "MBG.411708"        "RBEND"                              0                  0                  0        661.1190696        6.300016764        15.41066802        3.848184795        -2.45599405      0.02514125307        2.123659798        2.176901492
 "DRIFT_136"         "DRIFT"                              0                  0                  0        661.6890696       0.5700000364        13.16205007         2.43115745       -2.482868182      0.02493314113        2.130031252        2.206735173
 "MBG.411722"        "RBEND"                              0                  0                  0        667.9890864        6.300016764        3.154198553        22.62223223        -2.80506634      0.02295193393        2.346399997         2.54518465
 "DRIFT_137"         "DRIFT"                              0                  0                  0        668.5590863       0.5699999364        3.591857274        27.69274498       -2.836495195      0.02280156805        2.373482501        2.548809431
 "MBG.411736"        "RBEND"                              0                  0                  0        674.8591031        6.300016764        23.27419388        119.5830979       -3.209034541      0.02147025395        2.494464825        2.566268267
 "DRIFT_138"         "DRIFT"                              0                  0                  0        675.3541031       0.4950000182        25.97435134        129.5883827       -3.240283424       0.0213916527        2.497669212        2.566901128
 "QTGF.411800"       "QUADRUPOLE"                0.02925516                  0                  0        677.5541031                2.2        37.81303714        189.5462539       -3.273965897      0.02173065234        2.508731138        2.569159344
 "DRIFT_139"         "DRIFT"                              0                  0                  0        678.0441031               0.49        40.26148453        207.1104987       -3.257956112      0.02196027764        2.510729904        2.569552947
 "MDGH.411806"       "HKICKER"                            0                  0                  0        678.5921031              0.548        43.10530486        227.6783969       -3.240051291      0.02221708308        2.512823548        2.569954589
 "DRIFT_140"         "DRIFT"                              0                  0                  0        679.2491031       0.6570000182        46.66168875        253.6242357       -3.218585109      0.02252496844        2.515155156        2.570389729
 "MBG.411808"        "RBEND"                              0                  0                  0        685.5491199        6.300016764         88.8969732        573.6405894       -3.037917021      0.02581962658        2.530748114        2.573018582
 "DRIFT_141"         "DRIFT"                              0                  0                  0        686.1191199       0.5700000364        93.44496006        608.9554461       -3.023848066      0.02614866479        2.531743465        2.573172073
 "MBG.411822"        "RBEND"                              0                  0                  0        692.4191367        6.300016764        151.7433143        1069.558155       -2.893520554      0.03013897658        2.540167639        2.574414501
 "DRIFT_142"         "DRIFT"                              0                  0                  0        692.9891366       0.5699999364         157.744637        1117.587327       -2.884006247      0.03053197252        2.540753998        2.574497477
 "MBG.411836"        "RBEND"                              0                  0                  0        699.2891534        6.300016764        232.1060578        1718.648116       -2.804018995      0.03524042231         2.54599501        2.575220961
 "DRIFT_143"         "DRIFT"                              0                  0                  0        699.7841534       0.4950000182        238.5729522        1771.327172       -2.799711895      0.03563901697          2.5463298        2.575266114
 "QTGF.411900"       "QUADRUPOLE"                0.04924656                  0                  0        701.9841534                2.2        241.4097567         2231.72146       -2.630613589      0.03939081367        2.547762614        2.575445417
 "DRIFT_144"         "DRIFT"                              0                  0                  0        702.1441534               0.16        239.7054911        2284.238297       -2.607632135      0.03981260902        2.547868472        2.575456695
 "BPM.411905"        "VMONITOR"                           0                  0                  0        702.3941534               0.25         237.055088        2367.518587       -2.571723613      0.04047166426        2.548035388        2.575473805
 "DRIFT_145"         "DRIFT"                              0                  0                  0        702.4741534               0.08        236.2101816        2394.483209       -2.560232886      0.04068256193        2.548089195        2.575479153
 "BTV.411906"        "INSTRUMENT"                         0                  0                  0        702.8241534               0.35        232.5320876        2514.248758       -2.509960954      0.04160523927        2.548326877        2.575501855
 "DRIFT_146"         "DRIFT"                              0                  0                  0        703.6791534       0.8550000182        223.6727935        2819.109151       -2.387153806      0.04385920823        2.548923554        2.575552968
 "MBG.411908"        "RBEND"                              0                  0                  0        709.9791702        6.300016764        163.8966544         5602.92618       -1.507436154      0.06084313903        2.554161295        2.575805257
 "DRIFT_147"         "DRIFT"                              0                  0                  0        710.5491702       0.5700000364        158.9662986        5901.467492       -1.430119307      0.06241365544        2.554723323        2.575821033
 "MBG.411922"        "RBEND"                              0                  0                  0         716.849187        6.300016764        109.7565059        9716.772281      -0.6007412933      0.08015809209        2.562317039        2.575953443
 "DRIFT_148"         "DRIFT"                              0                  0                  0        717.4191869       0.5699999364        105.7821614        10108.59354      -0.5279790209      0.08179835244        2.563158968        2.575962597
 "MBG.411936"        "RBEND"                              0                  0                  0        723.7192037        6.300016764        67.13871884        14954.32355       0.2510596721       0.1003239915        2.575067818        2.576044149
 "DRIFT_149"         "DRIFT"                              0                  0                  0        724.2142037       0.4950000182        64.51300223        15375.05882       0.3102927192       0.1018106208        2.576264887        2.576049344
 "QTGF.412000"       "QUADRUPOLE"             0.00012332848                  0                  0        726.4142037                2.2        53.55142802        17320.12961       0.5734966985       0.1084319729        2.582223093        2.576070802
 "DRIFT_150"         "DRIFT"                              0                  0                  0        726.5742037               0.16        52.79935072        17466.44373       0.5926340133       0.1089145738        2.582701988        2.576072266
 "BPM.412005"        "HMONITOR"                           0                  0                  0        726.8242037               0.25        51.63680498        17696.29156       0.6225360677       0.1096686377        2.583464011        2.576074529
 "DRIFT_151"         "DRIFT"                              0                  0                  0        728.1092037        1.285000018        45.90330949        18901.41806       0.7762326295       0.1135445263        2.587665198        2.576085711
 "MBG.412008"        "RBEND"                              0                  0                  0        734.4092205        6.300016764        23.65618553        25382.80914        1.504588972       0.1329530956        2.618280927        2.576131488
 "DRIFT_152"         "DRIFT"                              0                  0                  0        734.9792205       0.5700000364        22.12374632        26016.12004        1.568211157       0.1347457343        2.622246795        2.576135018
 "MBG.412022"        "RBEND"                              0                  0                  0        741.2792373        6.300016764        10.49617089        33533.78138        2.246228815       0.1549755543        2.690079864        2.576168965
 "DRIFT_153"         "DRIFT"                              0                  0                  0           741.6262       0.3469627182        10.13873116        33975.36861        2.282183713       0.1561125406        2.695433855        2.576170601
 "BTV.412035"        "INSTRUMENT"                         0                  0                  0           741.9762               0.35        9.808089416        34423.74802        2.318453358       0.1572594799        2.701021044         2.57617223
 "DRIFT_154"         "DRIFT"                              0                  0                  0         744.249254           2.273054        8.392236549        37407.25271        2.554004386       0.1647082088        2.741325277        2.576182311
 "QTLD.412100"       "QUADRUPOLE"             -0.0202752498                  0                  0         747.239254               2.99        8.959809803        39136.19404        2.944798504       0.1694402673        2.797946931        2.576194623
 "DRIFT_155"         "DRIFT"                              0                  0                  0         747.802254              0.563        9.411643245        39019.84887        3.034367545        0.169368361        2.807710731        2.576196916
 "QTLD.412108"       "QUADRUPOLE"             -0.0202752498                  0                  0         750.792254               2.99        13.86757267        36111.38173        3.607316594       0.1638823997        2.850293264        2.576209466
 "DRIFT_156"         "DRIFT"                              0                  0                  0        751.6882456       0.8959916182        15.93480804        34604.70404        3.809887072       0.1607255861        2.859891993          2.5762135
 "MBG.412115"        "RBEND"                              0                  0                  0        757.9882624        6.300016764        37.57608927        24915.37323          5.2090436       0.1389548212        2.901334589        2.576247648
 "DRIFT_157"         "DRIFT"                              0                  0                  0           758.3363       0.3480376182        39.13432634        24426.29452        5.284948859        0.137775612        2.902779089        2.576249893
 "BPM.412128"        "HMONITOR"                           0                  0                  0           758.5863               0.25        40.27706379        24077.97471        5.339472605       0.1369285705        2.903781291        2.576251534
 "DRIFT_158"         "DRIFT"                              0                  0                  0         760.394254           1.807954        49.12434009        21633.44529        5.733778303       0.1308029223         2.91025197        2.576264141
 "MBHFD.412133"      "RBEND"                              0                  0                  0         762.294254                1.9        59.52635195        19205.44181        6.148158773        0.124365407        2.915845168        2.576278977
 "DRIFT_159"         "DRIFT"                              0                  0                  0         764.394254                2.1        72.33999376        16689.95299         6.60615824       0.1172502585        2.920939294        2.576297645
 "MBHFD.412141"      "RBEND"                              0                  0                  0         766.294254                1.9        85.12457184        14566.11956         7.02053871       0.1108127431        2.924793185        2.576317039
 "DRIFT_160"         "DRIFT"                              0                  0                  0           767.4025           1.108246        93.10423249        13394.02917        7.262241603       0.1070578218        2.926774509        2.576329667
 "MDSH.412147"       "HKICKER"                            0                  0                  0           768.1025                0.7         98.3428223        12679.03283        7.414908092       0.1046861056        2.927938812        2.576338216
 "DRIFT_161"         "DRIFT"                              0                  0                  0           768.6505              0.548        102.5510902        12132.97857        7.534424143       0.1028293906        2.928807295        2.576345248
 "QTLF.412200"       "QUADRUPOLE"              0.0254713316                  0                  0           771.6405               2.99        118.3602549        10165.70778        7.893190425      0.09651031467        2.933072536        2.576388643
 "DRIFT_162"         "DRIFT"                              0                  0                  0           772.2035              0.563        119.7970722        9962.001146        7.904651688      0.09602307611        2.933825031        2.576397547
 "QTLF.412208"       "QUADRUPOLE"              0.0254713316                  0                  0           775.1935               2.99        118.3794815        9638.112407        7.665650106      0.09708225157        2.937770947         2.57644673
 "DRIFT_163"         "DRIFT"                              0                  0                  0           775.7565              0.563        116.4262653        9715.890809         7.56475552      0.09797089184        2.938534197         2.57645599
 "QTLF.412215"       "QUADRUPOLE"              0.0254713316                  0                  0           778.7465               2.99        98.27988216        10914.58037        6.749457062       0.1065048805        2.942927205         2.57650279
 "DRIFT_164"         "DRIFT"                              0                  0                  0           779.1275              0.381        95.11516343        11176.59488        6.611277599       0.1080921778         2.94355438         2.57650828
 "BPM.412221"        "VMONITOR"                           0                  0                  0           779.3775               0.25        93.06834918        11350.20907         6.52060866       0.1091337114        2.943977278        2.576511813
 "DRIFT_165"         "DRIFT"                              0                  0                  0           780.1125              0.735        87.18735429        11868.38465        6.254041978       0.1121958202        2.945275905        2.576521891
 "MDSV.412223"       "VKICKER"                            0                  0                  0           780.8125                0.7        81.77599048        12372.63798        6.000168947       0.1151121144        2.946595326        2.576531085
 "DRIFT_166"         "DRIFT"                              0                  0                  0           781.3605              0.548        77.66874187        12774.71723        5.801422632       0.1173951561        2.947689706        2.576538023
 "QTSD.412300"       "QUADRUPOLE"               -0.01660456                  0                  0           782.8505               1.49        68.83273567        13568.72738        5.330718715       0.1221278985        2.950946613         2.57655596
 "DRIFT_167"         "DRIFT"                              0                  0                  0            783.132             0.2815        67.55441618         13658.2209        5.254588819        0.122739721        2.951603628        2.576559251
 "WINDOW.2"          "MARKER"                             0                  0                  0            783.132                  0        67.55441618         13658.2209        5.254588819        0.122739721        2.951603628        2.576559251
 "DRIFT_168"         "DRIFT"                              0                  0                  0           783.4705             0.3385        66.03619814        13766.22521        5.163043632       0.1234754294        2.952410237         2.57656318
 "QTLD.412305"       "QUADRUPOLE"               -0.03332056                  0                  0           786.4605               2.99        59.44920433        13349.36803        4.600258434       0.1237666977        2.960135003        2.576597704
 "DRIFT_169"         "DRIFT"                              0                  0                  0           786.8415              0.381        59.41477283         13125.8236        4.558683152       0.1230122306        2.961155303        2.576602285
 "BPM.412311"        "VMONITOR"                           0                  0                  0           787.0915               0.25        59.39483972        12980.16653        4.531402784       0.1225171734        2.961825095        2.576605333
 "DRIFT_170"         "DRIFT"                              0                  0                  0           787.2155              0.124        59.38573482        12908.22215        4.517871721        0.122271625        2.962157392        2.576606858
 "LASER.1"           "QUADRUPOLE"                         0                  0                  0           787.7155                0.5        59.35428199        12620.15232        4.463310983       0.1212815106        2.963497773        2.576613093
 "DRIFT_171"         "DRIFT"                              0                  0                  0           790.6705              2.955        59.34053327        10984.03806        4.140857025       0.1154299344        2.971425624        2.576653038
 "BPM.412319"        "MONITOR"                            0                  0                  0           790.9205               0.25        59.35287956        10850.82834        4.113576657       0.1149348772        2.972096071        2.576656682
 "DRIFT_172"         "DRIFT"                              0                  0                  0           798.9965              8.076        60.88542606        6984.795361        3.232311626      0.09894254927        2.993542451        2.576804324
 "OLD_MDSV.412335"   "MARKER"                             0                  0                  0           798.9965                  0        60.88542606        6984.795361        3.232311626      0.09894254927        2.993542451        2.576804324
 "DRIFT_173"         "DRIFT"                              0                  0                  0           800.3015              1.305        61.33947958        6439.677633        3.089908101      0.09635835066        2.996941339        2.576835292
 "OLD_MDSH.412338"   "MARKER"                             0                  0                  0           800.3015                  0        61.33947958        6439.677633        3.089908101      0.09635835066        2.996941339        2.576835292
 "DRIFT_174"         "DRIFT"                              0                  0                  0           801.2957             0.9942        61.72393609        6039.247463        2.981419531      0.09438960717        2.999513014        2.576860665
 "MBHFD.412324"      "RBEND"                              0                  0                  0           803.1957                1.9        62.55138033        5309.743922        2.774088729      0.09062717241        3.004380404        2.576914066
 "DRIFT_175"         "DRIFT"                              0                  0                  0           804.0525             0.8568        62.96433904        4996.133213        2.680593449      0.08893051236        3.006553342        2.576940542
 "MBHFD.412330"      "RBEND"                              0                  0                  0           805.9525                1.9        63.96841101        4334.739581        2.473262647       0.0851680776        3.011318842        2.577005521
 "DRIFT_176"         "DRIFT"                              0                  0                  0           806.6465              0.694        64.36551436        4104.861302        2.397532343       0.0837937988         3.01304023        2.577031706
 "MDSV.412335"       "VKICKER"                            0                  0                  0           807.3465                0.7        64.78250334         3879.33988        2.321147311      0.08240763863        3.014765556        2.577059624
 "DRIFT_177"         "DRIFT"                              0                  0                  0           807.9515              0.605        65.15621273        3689.558127        2.255128819      0.08120960019        3.016247647        2.577085075
 "MDSH.412338"       "HKICKER"                            0                  0                  0           808.6515                0.7        65.60400581        3475.915162        2.178743786      0.07982344002        3.017951702        2.577116185
 "DRIFT_178"         "DRIFT"                              0                  0                  0           809.0185              0.367        65.84537971        3366.451169        2.138696205      0.07909669604        3.018840413         2.57713326
 "BPM.412339"        "MONITOR"                            0                  0                  0           809.2665              0.248        66.01105951        3293.472577        2.111634079      0.07860559929        3.019439102        2.577145114
 "DRIFT_179"         "DRIFT"                              0                  0                  0           809.3965               0.13        66.09873632         3255.53716        2.097448288      0.07834816955        3.019752329        2.577151433
 "BCTF.412340"       "INSTRUMENT"                         0                  0                  0           809.8795              0.483        66.42948143        3116.517486        2.044742615      0.07739171903        3.020912426        2.577175566
 "DRIFT_180"         "DRIFT"                              0                  0                  0           825.1705             15.291        80.96708992        283.5708723       0.3761661436      0.04711204015        3.054341109        2.579764432
 "BTV.412350"        "INSTRUMENT"                         0                  0                  0           825.5205               0.35        81.39214552        254.3188923       0.3379736274      0.04641896007        3.055027298        2.579971861
 "DRIFT_181"         "DRIFT"                              0                  0                  0           826.3165              0.796        82.37422379         193.722412       0.2511129335      0.04484269793        3.056574522        2.580542622
 "BPM.412352"        "MONITOR"                            0                  0                  0           826.5645              0.248        82.68456331        176.5264535       0.2240508077      0.04435160118        3.057052783        2.580756063
 "DRIFT_182"         "DRIFT"                              0                  0                  0           826.6485              0.084        82.79014851        170.8833331       0.2148846038      0.04418526196        3.057214367        2.580833037
 "BTV.412353"        "INSTRUMENT"                         0                  0                  0           826.9985               0.35        83.23264797         148.357927       0.1766920876      0.04349218187        3.057885414        2.581182888
 "DRIFT_183"         "DRIFT"                              0                  0                  0           828.2955              1.297        84.90844119        78.77369747       0.0351615348      0.04092382509        3.060340999         2.58309241
 "PLASMA_MERGE"      "MARKER"                             0                  0                  0           828.2955                  0        84.90844119        78.77369747       0.0351615348      0.04092382509        3.060340999         2.58309241
 "DRIFT_184"         "DRIFT"                              0                  0                  0           828.3955                0.1        85.04000194        74.31695965      0.02424938731      0.04072580221        3.060528297         2.58330042
 "PLASMA.412402"     "MONITOR"                            0                  0                  0           838.3955                 10        99.89898543        285.3065849       -1.066965361      0.02092351402        3.077829794        3.072361808
 "DRIFT_185"         "DRIFT"                              0                  0                  0           839.8645              1.469        102.3658349        425.8399655       -1.227264808      0.01801455788        3.080141855        3.073032563
 "BPM.412425"        "MONITOR"                            0                  0                  0           840.1125              0.248        102.7894736         452.333631       -1.254326933      0.01752346114        3.080526642        3.073122496
 "DRIFT_186"         "DRIFT"                              0                  0                  0           840.1965              0.084        102.9334343         461.488609       -1.263493137      0.01735712192        3.080656613        3.073151757
 "BTV.412426"        "INSTRUMENT"                         0                  0                  0           840.5465               0.35        103.5358319        500.6219464       -1.301685653      0.01666404183        3.081196205        3.073267649
 "DRIFT_187"         "DRIFT"                              0                  0                  0           840.6835              0.137        103.7727524        516.3736342       -1.316635295      0.01639275048         3.08140656        3.073310534
 "TABLE.1"           "MONITOR"                            0                  0                  0           842.6835                  2        107.3035079        774.1131957       -1.534878245      0.01243229284        3.084423228        3.073813996
 "DRIFT_188"         "DRIFT"                              0                  0                  0           843.0285              0.345        107.9262037        823.8332414       -1.572525154       0.0117491139        3.084933462        3.073882753
 "MQNBR.412432"      "MONITOR"                            0                  0                  0           843.3135              0.285         108.443632        866.0736882       -1.603624774      0.01118474869        3.085352738        3.073936452
 "DRIFT_189"         "DRIFT"                              0                  0                  0           843.5235               0.21        108.8266475        897.8740711       -1.626540284      0.01076890064        3.085660398        3.073974353
 "MQNBR.412433"      "MONITOR"                            0                  0                  0           843.8085              0.285        109.3488329        941.9489494       -1.657639904      0.01020453542        3.086076204        3.074023676
 "DRIFT_190"         "DRIFT"                              0                  0                  0           844.8135              1.005        111.2120824        1105.799911       -1.767306986     0.008214405458        3.087526675        3.074180399
 "MBXFB.412435"      "MONITOR"                            0                  0                  0           845.8135                  1        113.0998672        1281.871438       -1.876428461     0.006234176639        3.088945794        3.074314077
 "DRIFT_191"         "DRIFT"                              0                  0                  0           848.2369             2.4234        117.8146041        1762.502337       -2.140873443     0.001435290119        3.092287333        3.074570678
 "BTV.412442"        "MONITOR"                            0                  0                  0           848.6849              0.448        118.7078794        1859.717401       -2.189759864    0.0005481476077        3.092890253        3.074610061
 "DRIFT_192"         "DRIFT"                              0                  0                  0                900            51.3151         265.811291        30264.77065       -7.789339257      -0.1010674923        3.139531819        3.075698682
 "TT40TT41$END"      "MARKER"                             0                  0                  0                900                  0         265.811291        30264.77065       -7.789339257      -0.1010674923        3.139531819        3.075698682
